<?xml version="1.0" encoding="utf-8"?>
<config>
    <name>Конфигурация xml</name>
    <description>Описание Конфигурации xml</description>
</config>